<?xml version="1.0" encoding="UTF-8"?>
<!-- Generated by org.testng.reporters.JUnitReportReporter -->
<testsuite skipped="0" hostname="DDC2-L-CK99BH2" name="com.booking.testcases.HotelBookingTest" tests="1" failures="0" timestamp="27 Nov 2019 04:26:20 GMT" time="18.488" errors="0">
  <testcase name="hotelSearch" time="18.488" classname="com.booking.testcases.HotelBookingTest"/>
</testsuite> <!-- com.booking.testcases.HotelBookingTest -->
