<?xml version="1.0" encoding="UTF-8"?>
<!-- Generated by org.testng.reporters.JUnitReportReporter -->
<testsuite skipped="0" hostname="DDC2-L-CK99BH2" name="com.booking.testcases.SignInTest" tests="1" failures="0" timestamp="26 Nov 2019 16:22:53 GMT" time="19.390" errors="0">
  <testcase name="login" time="19.390" classname="com.booking.testcases.SignInTest"/>
</testsuite> <!-- com.booking.testcases.SignInTest -->
