<?xml version="1.0" encoding="UTF-8"?>
<!-- Generated by org.testng.reporters.JUnitReportReporter -->
<testsuite skipped="0" hostname="DDC2-L-CK99BH2" name="com.booking.testcases.FlightBookingTest" tests="1" failures="0" timestamp="27 Nov 2019 13:55:31 GMT" time="24.175" errors="0">
  <testcase name="flightbooking" time="24.175" classname="com.booking.testcases.FlightBookingTest"/>
</testsuite> <!-- com.booking.testcases.FlightBookingTest -->
